0 info it worked if it ends with ok
1 verbose cli [ 'node', '/usr/local/bin/npm', 'install', '-g', 'node-inspector' ]
2 info using npm@2.10.1
3 info using node@v0.12.4
4 verbose node symlink /usr/local/bin/node
5 verbose install initial load of /usr/local/lib/package.json
6 verbose readDependencies loading dependencies from /usr/local/lib/package.json
7 silly cache add args [ 'node-inspector', null ]
8 verbose cache add spec node-inspector
9 silly cache add parsed spec { raw: 'node-inspector',
9 silly cache add   scope: null,
9 silly cache add   name: 'node-inspector',
9 silly cache add   rawSpec: '',
9 silly cache add   spec: '*',
9 silly cache add   type: 'range' }
10 silly addNamed node-inspector@*
11 verbose addNamed "*" is a valid semver range for node-inspector
12 silly addNameRange { name: 'node-inspector', range: '*', hasData: false }
13 silly mapToRegistry name node-inspector
14 silly mapToRegistry using default registry
15 silly mapToRegistry registry https://registry.npmjs.org/
16 silly mapToRegistry uri https://registry.npmjs.org/node-inspector
17 verbose addNameRange registry:https://registry.npmjs.org/node-inspector not in flight; fetching
18 verbose request uri https://registry.npmjs.org/node-inspector
19 verbose request no auth needed
20 info attempt registry request try #1 at 14:22:23
21 verbose request id a8c2db15726f6b02
22 verbose etag "63V3JJOV4XBC8EIDIAM1RCFNB"
23 http request GET https://registry.npmjs.org/node-inspector
24 http 304 https://registry.npmjs.org/node-inspector
25 silly get cb [ 304,
25 silly get   { date: 'Wed, 12 Aug 2015 21:22:22 GMT',
25 silly get     via: '1.1 varnish',
25 silly get     'cache-control': 'max-age=60',
25 silly get     etag: '"63V3JJOV4XBC8EIDIAM1RCFNB"',
25 silly get     age: '48',
25 silly get     connection: 'keep-alive',
25 silly get     'x-served-by': 'cache-sjc3125-SJC',
25 silly get     'x-cache': 'HIT',
25 silly get     'x-cache-hits': '2',
25 silly get     'x-timer': 'S1439414542.966976,VS0,VE0',
25 silly get     vary: 'Accept' } ]
26 verbose etag https://registry.npmjs.org/node-inspector from cache
27 verbose get saving node-inspector to /Users/anubhavjain/.npm/registry.npmjs.org/node-inspector/.cache.json
28 silly addNameRange number 2 { name: 'node-inspector', range: '*', hasData: true }
29 silly addNameRange versions [ 'node-inspector',
29 silly addNameRange   [ '0.0.1',
29 silly addNameRange     '0.0.2',
29 silly addNameRange     '0.0.3',
29 silly addNameRange     '0.0.4',
29 silly addNameRange     '0.1.0',
29 silly addNameRange     '0.1.1',
29 silly addNameRange     '0.1.2',
29 silly addNameRange     '0.1.3',
29 silly addNameRange     '0.1.4',
29 silly addNameRange     '0.1.5',
29 silly addNameRange     '0.1.6',
29 silly addNameRange     '0.1.7',
29 silly addNameRange     '0.1.8',
29 silly addNameRange     '0.1.9',
29 silly addNameRange     '0.1.10',
29 silly addNameRange     '0.3.0',
29 silly addNameRange     '0.3.1',
29 silly addNameRange     '0.3.2',
29 silly addNameRange     '0.3.3',
29 silly addNameRange     '0.3.4',
29 silly addNameRange     '0.4.0',
29 silly addNameRange     '0.5.0',
29 silly addNameRange     '0.6.0',
29 silly addNameRange     '0.6.1',
29 silly addNameRange     '0.6.2',
29 silly addNameRange     '0.7.0-1',
29 silly addNameRange     '0.2.0-beta1',
29 silly addNameRange     '0.2.0-beta2',
29 silly addNameRange     '0.2.0-beta3',
29 silly addNameRange     '0.2.0-beta4',
29 silly addNameRange     '0.3.0-preview1',
29 silly addNameRange     '0.7.0-2',
29 silly addNameRange     '0.7.0',
29 silly addNameRange     '0.7.1',
29 silly addNameRange     '0.7.2',
29 silly addNameRange     '0.7.3',
29 silly addNameRange     '0.7.4',
29 silly addNameRange     '0.8.0',
29 silly addNameRange     '0.8.1',
29 silly addNameRange     '0.8.3',
29 silly addNameRange     '0.9.0',
29 silly addNameRange     '0.9.1',
29 silly addNameRange     '0.9.2',
29 silly addNameRange     '0.10.0',
29 silly addNameRange     '0.10.1',
29 silly addNameRange     '0.10.2',
29 silly addNameRange     '0.11.0',
29 silly addNameRange     '0.11.1',
29 silly addNameRange     '0.11.2',
29 silly addNameRange     '0.12.0',
29 silly addNameRange     '0.12.1',
29 silly addNameRange     '0.12.2' ] ]
30 silly addNamed node-inspector@0.12.2
31 verbose addNamed "0.12.2" is a plain semver version for node-inspector
32 silly cache afterAdd node-inspector@0.12.2
33 verbose afterAdd /Users/anubhavjain/.npm/node-inspector/0.12.2/package/package.json not in flight; writing
34 verbose afterAdd /Users/anubhavjain/.npm/node-inspector/0.12.2/package/package.json written
35 silly install resolved [ { name: 'node-inspector',
35 silly install resolved     version: '0.12.2',
35 silly install resolved     description: 'Web Inspector based nodeJS debugger',
35 silly install resolved     homepage: 'http://github.com/node-inspector/node-inspector',
35 silly install resolved     author: { name: 'Danny Coates', email: 'dannycoates@gmail.com' },
35 silly install resolved     keywords: [ 'debug', 'debugger', 'inspector', 'profiler' ],
35 silly install resolved     repository:
35 silly install resolved      { type: 'git',
35 silly install resolved        url: 'git+ssh://git@github.com/node-inspector/node-inspector.git' },
35 silly install resolved     engines: { node: '>=0.8.0' },
35 silly install resolved     bin:
35 silly install resolved      { 'node-inspector': './bin/inspector.js',
35 silly install resolved        'node-debug': './bin/node-debug.js' },
35 silly install resolved     dependencies:
35 silly install resolved      { async: '~0.9',
35 silly install resolved        'biased-opener': '~0.2.2',
35 silly install resolved        debug: '^2.2.0',
35 silly install resolved        express: '^4.12.3',
35 silly install resolved        glob: '^5.0.5',
35 silly install resolved        'path-is-absolute': '^1.0.0',
35 silly install resolved        rc: '^1.0.1',
35 silly install resolved        semver: '^4.3.4',
35 silly install resolved        'serve-favicon': '^2.1.1',
35 silly install resolved        'strong-data-uri': '^1.0.0',
35 silly install resolved        'v8-debug': '~0.5.0',
35 silly install resolved        'v8-profiler': '~5.2.4',
35 silly install resolved        which: '^1.1.1',
35 silly install resolved        ws: '^0.7.1',
35 silly install resolved        yargs: '^3.9.0' },
35 silly install resolved     devDependencies:
35 silly install resolved      { promise: '^7.0.3',
35 silly install resolved        mocha: '^1.21',
35 silly install resolved        chai: '^2.1',
35 silly install resolved        jshint: '^2.4.4',
35 silly install resolved        'fs-extra': '~0.8.1' },
35 silly install resolved     preferGlobal: true,
35 silly install resolved     scripts:
35 silly install resolved      { pretest: 'jshint .',
35 silly install resolved        test: 'mocha',
35 silly install resolved        'generate-front-end': 'node --harmony tools/generate-front-end' },
35 silly install resolved     contributors:
35 silly install resolved      [ [Object],
35 silly install resolved        [Object],
35 silly install resolved        [Object],
35 silly install resolved        [Object],
35 silly install resolved        [Object],
35 silly install resolved        [Object],
35 silly install resolved        [Object],
35 silly install resolved        [Object],
35 silly install resolved        [Object],
35 silly install resolved        [Object],
35 silly install resolved        [Object],
35 silly install resolved        [Object],
35 silly install resolved        [Object],
35 silly install resolved        [Object],
35 silly install resolved        [Object],
35 silly install resolved        [Object],
35 silly install resolved        [Object],
35 silly install resolved        [Object],
35 silly install resolved        [Object],
35 silly install resolved        [Object],
35 silly install resolved        [Object],
35 silly install resolved        [Object],
35 silly install resolved        [Object],
35 silly install resolved        [Object],
35 silly install resolved        [Object],
35 silly install resolved        [Object],
35 silly install resolved        [Object],
35 silly install resolved        [Object],
35 silly install resolved        [Object],
35 silly install resolved        [Object],
35 silly install resolved        [Object] ],
35 silly install resolved     gitHead: '70c71ec8e20d1eab004ed56f1dc196e58fd9c001',
35 silly install resolved     bugs: { url: 'https://github.com/node-inspector/node-inspector/issues' },
35 silly install resolved     _id: 'node-inspector@0.12.2',
35 silly install resolved     _shasum: 'b25418fbf270bc5255c61acfc78573145b54c0a3',
35 silly install resolved     _from: 'node-inspector@*',
35 silly install resolved     _npmVersion: '2.5.1',
35 silly install resolved     _nodeVersion: '0.10.40',
35 silly install resolved     _npmUser: { name: '3y3', email: '3y3@bk.ru' },
35 silly install resolved     dist:
35 silly install resolved      { shasum: 'b25418fbf270bc5255c61acfc78573145b54c0a3',
35 silly install resolved        tarball: 'http://registry.npmjs.org/node-inspector/-/node-inspector-0.12.2.tgz' },
35 silly install resolved     maintainers: [ [Object], [Object], [Object], [Object], [Object] ],
35 silly install resolved     directories: {},
35 silly install resolved     _resolved: 'https://registry.npmjs.org/node-inspector/-/node-inspector-0.12.2.tgz',
35 silly install resolved     readme: 'ERROR: No README data found!' } ]
36 info install node-inspector@0.12.2 into /usr/local/lib
37 info installOne node-inspector@0.12.2
38 verbose installOne of node-inspector to /usr/local/lib not in flight; installing
39 warn locking Error: EACCES, open '/Users/anubhavjain/.npm/_locks/node-inspector-885d0a05b8e6718d.lock'
39 warn locking     at Error (native)
39 warn locking  /Users/anubhavjain/.npm/_locks/node-inspector-885d0a05b8e6718d.lock failed { [Error: EACCES, open '/Users/anubhavjain/.npm/_locks/node-inspector-885d0a05b8e6718d.lock']
39 warn locking   errno: -13,
39 warn locking   code: 'EACCES',
39 warn locking   path: '/Users/anubhavjain/.npm/_locks/node-inspector-885d0a05b8e6718d.lock' }
40 verbose stack Error: Attempt to unlock /usr/local/lib/node_modules/node-inspector, which hasn't been locked
40 verbose stack     at unlock (/usr/local/lib/node_modules/npm/lib/utils/locker.js:66:11)
40 verbose stack     at cb (/usr/local/lib/node_modules/npm/lib/install.js:1017:5)
40 verbose stack     at /usr/local/lib/node_modules/npm/lib/install.js:1021:20
40 verbose stack     at /usr/local/lib/node_modules/npm/lib/utils/locker.js:40:9
40 verbose stack     at cb (/usr/local/lib/node_modules/npm/node_modules/lockfile/lockfile.js:149:38)
40 verbose stack     at /usr/local/lib/node_modules/npm/node_modules/lockfile/lockfile.js:177:38
40 verbose stack     at FSReqWrap.oncomplete (fs.js:95:15)
41 verbose cwd /Users/anubhavjain/Documents/playpen/all-hands-todos
42 error Darwin 14.3.0
43 error argv "node" "/usr/local/bin/npm" "install" "-g" "node-inspector"
44 error node v0.12.4
45 error npm  v2.10.1
46 error Attempt to unlock /usr/local/lib/node_modules/node-inspector, which hasn't been locked
47 error If you need help, you may report this error at:
47 error     <https://github.com/npm/npm/issues>
48 verbose exit [ 1, true ]
